<?xml version="1.0" encoding="UTF-8" standalone="yes"?><!DOCTYPE report PUBLIC "-//JACOCO//DTD Report 1.1//EN" "report.dtd"><report name="parking-system"><sessioninfo id="OLYMPE-20630cad" start="1677849569652" dump="1677849573515"/><sessioninfo id="OLYMPE-6941d0f6" start="1677849574224" dump="1677849579140"/><sessioninfo id="OLYMPE-5131f2cf" start="1677849707577" dump="1677849713069"/><sessioninfo id="OLYMPE-441b12dd" start="1677850136966" dump="1677850141638"/><sessioninfo id="OLYMPE-a537698a" start="1677851315328" dump="1677851321367"/><sessioninfo id="OLYMPE-12089e4b" start="1677851535052" dump="1677851540516"/><sessioninfo id="OLYMPE-88c2dcbb" start="1677852098331" dump="1677852103900"/><sessioninfo id="OLYMPE-902d6998" start="1677852278694" dump="1677852285570"/></report>