<?xml version="1.0" encoding="UTF-8" standalone="yes"?><!DOCTYPE report PUBLIC "-//JACOCO//DTD Report 1.1//EN" "report.dtd"><report name="parking-system"><sessioninfo id="camera1regie.local-9e5f2bdc" start="1677504028921" dump="1677504033655"/><sessioninfo id="OLYMPE-ab1d6dc6" start="1677566235856" dump="1677566238496"/><sessioninfo id="OLYMPE-be27554b" start="1677567434953" dump="1677567437804"/><sessioninfo id="camera1regie.local-3fe6442d" start="1677570306636" dump="1677570311636"/><sessioninfo id="camera1regie.local-20d1634e" start="1677571016393" dump="1677571021223"/><sessioninfo id="camera1regie.local-8c72f78e" start="1677571486493" dump="1677571490781"/><sessioninfo id="camera1regie.local-fa8b5429" start="1677571967776" dump="1677571972433"/></report>